Analysis & Synthesis report for tripleDES
Tue May 19 09:47:04 2026
Quartus II 64-Bit Version 13.0.1 Build 232 06/12/2013 Service Pack 1 SJ Web Edition


---------------------
; Table of Contents ;
---------------------
  1. Legal Notice
  2. Analysis & Synthesis Summary
  3. Analysis & Synthesis Settings
  4. Parallel Compilation
  5. Analysis & Synthesis Source Files Read
  6. Analysis & Synthesis Resource Usage Summary
  7. Analysis & Synthesis Resource Utilization by Entity
  8. State Machine - |des_encrypt|state
  9. Registers Removed During Synthesis
 10. General Register Statistics
 11. Multiplexer Restructuring Statistics (Restructuring Performed)
 12. Port Connectivity Checks: "pc1:u_pc1"
 13. Elapsed Time Per Partition
 14. Analysis & Synthesis Messages
 15. Analysis & Synthesis Suppressed Messages



----------------
; Legal Notice ;
----------------
Copyright (C) 1991-2013 Altera Corporation
Your use of Altera Corporation's design tools, logic functions 
and other software and tools, and its AMPP partner logic 
functions, and any output files from any of the foregoing 
(including device programming or simulation files), and any 
associated documentation or information are expressly subject 
to the terms and conditions of the Altera Program License 
Subscription Agreement, Altera MegaCore Function License 
Agreement, or other applicable license agreement, including, 
without limitation, that your use is for the sole purpose of 
programming logic devices manufactured by Altera and sold by 
Altera or its authorized distributors.  Please refer to the 
applicable agreement for further details.



+--------------------------------------------------------------------------------------+
; Analysis & Synthesis Summary                                                         ;
+------------------------------------+-------------------------------------------------+
; Analysis & Synthesis Status        ; Successful - Tue May 19 09:47:04 2026           ;
; Quartus II 64-Bit Version          ; 13.0.1 Build 232 06/12/2013 SP 1 SJ Web Edition ;
; Revision Name                      ; tripleDES                                       ;
; Top-level Entity Name              ; des_encrypt                                     ;
; Family                             ; Cyclone II                                      ;
; Total logic elements               ; 911                                             ;
;     Total combinational functions  ; 831                                             ;
;     Dedicated logic registers      ; 147                                             ;
; Total registers                    ; 147                                             ;
; Total pins                         ; 196                                             ;
; Total virtual pins                 ; 0                                               ;
; Total memory bits                  ; 0                                               ;
; Embedded Multiplier 9-bit elements ; 0                                               ;
; Total PLLs                         ; 0                                               ;
+------------------------------------+-------------------------------------------------+


+----------------------------------------------------------------------------------------------------------------------+
; Analysis & Synthesis Settings                                                                                        ;
+----------------------------------------------------------------------------+--------------------+--------------------+
; Option                                                                     ; Setting            ; Default Value      ;
+----------------------------------------------------------------------------+--------------------+--------------------+
; Device                                                                     ; EP2C35F672C6       ;                    ;
; Top-level entity name                                                      ; des_encrypt        ; tripleDES          ;
; Family name                                                                ; Cyclone II         ; Cyclone IV GX      ;
; Use smart compilation                                                      ; Off                ; Off                ;
; Enable parallel Assembler and TimeQuest Timing Analyzer during compilation ; On                 ; On                 ;
; Enable compact report table                                                ; Off                ; Off                ;
; Restructure Multiplexers                                                   ; Auto               ; Auto               ;
; Create Debugging Nodes for IP Cores                                        ; Off                ; Off                ;
; Preserve fewer node names                                                  ; On                 ; On                 ;
; Disable OpenCore Plus hardware evaluation                                  ; Off                ; Off                ;
; Verilog Version                                                            ; Verilog_2001       ; Verilog_2001       ;
; VHDL Version                                                               ; VHDL_1993          ; VHDL_1993          ;
; State Machine Processing                                                   ; Auto               ; Auto               ;
; Safe State Machine                                                         ; Off                ; Off                ;
; Extract Verilog State Machines                                             ; On                 ; On                 ;
; Extract VHDL State Machines                                                ; On                 ; On                 ;
; Ignore Verilog initial constructs                                          ; Off                ; Off                ;
; Iteration limit for constant Verilog loops                                 ; 5000               ; 5000               ;
; Iteration limit for non-constant Verilog loops                             ; 250                ; 250                ;
; Add Pass-Through Logic to Inferred RAMs                                    ; On                 ; On                 ;
; Infer RAMs from Raw Logic                                                  ; On                 ; On                 ;
; Parallel Synthesis                                                         ; On                 ; On                 ;
; DSP Block Balancing                                                        ; Auto               ; Auto               ;
; NOT Gate Push-Back                                                         ; On                 ; On                 ;
; Power-Up Don't Care                                                        ; On                 ; On                 ;
; Remove Redundant Logic Cells                                               ; Off                ; Off                ;
; Remove Duplicate Registers                                                 ; On                 ; On                 ;
; Ignore CARRY Buffers                                                       ; Off                ; Off                ;
; Ignore CASCADE Buffers                                                     ; Off                ; Off                ;
; Ignore GLOBAL Buffers                                                      ; Off                ; Off                ;
; Ignore ROW GLOBAL Buffers                                                  ; Off                ; Off                ;
; Ignore LCELL Buffers                                                       ; Off                ; Off                ;
; Ignore SOFT Buffers                                                        ; On                 ; On                 ;
; Limit AHDL Integers to 32 Bits                                             ; Off                ; Off                ;
; Optimization Technique                                                     ; Balanced           ; Balanced           ;
; Carry Chain Length                                                         ; 70                 ; 70                 ;
; Auto Carry Chains                                                          ; On                 ; On                 ;
; Auto Open-Drain Pins                                                       ; On                 ; On                 ;
; Perform WYSIWYG Primitive Resynthesis                                      ; Off                ; Off                ;
; Auto ROM Replacement                                                       ; On                 ; On                 ;
; Auto RAM Replacement                                                       ; On                 ; On                 ;
; Auto Shift Register Replacement                                            ; Auto               ; Auto               ;
; Allow Shift Register Merging across Hierarchies                            ; Auto               ; Auto               ;
; Auto Clock Enable Replacement                                              ; On                 ; On                 ;
; Strict RAM Replacement                                                     ; Off                ; Off                ;
; Allow Synchronous Control Signals                                          ; On                 ; On                 ;
; Force Use of Synchronous Clear Signals                                     ; Off                ; Off                ;
; Auto RAM to Logic Cell Conversion                                          ; Off                ; Off                ;
; Auto Resource Sharing                                                      ; Off                ; Off                ;
; Allow Any RAM Size For Recognition                                         ; Off                ; Off                ;
; Allow Any ROM Size For Recognition                                         ; Off                ; Off                ;
; Allow Any Shift Register Size For Recognition                              ; Off                ; Off                ;
; Use LogicLock Constraints during Resource Balancing                        ; On                 ; On                 ;
; Ignore translate_off and synthesis_off directives                          ; Off                ; Off                ;
; Timing-Driven Synthesis                                                    ; Off                ; Off                ;
; Report Parameter Settings                                                  ; On                 ; On                 ;
; Report Source Assignments                                                  ; On                 ; On                 ;
; Report Connectivity Checks                                                 ; On                 ; On                 ;
; Ignore Maximum Fan-Out Assignments                                         ; Off                ; Off                ;
; Synchronization Register Chain Length                                      ; 2                  ; 2                  ;
; PowerPlay Power Optimization                                               ; Normal compilation ; Normal compilation ;
; HDL message level                                                          ; Level2             ; Level2             ;
; Suppress Register Optimization Related Messages                            ; Off                ; Off                ;
; Number of Removed Registers Reported in Synthesis Report                   ; 5000               ; 5000               ;
; Number of Swept Nodes Reported in Synthesis Report                         ; 5000               ; 5000               ;
; Number of Inverted Registers Reported in Synthesis Report                  ; 100                ; 100                ;
; Clock MUX Protection                                                       ; On                 ; On                 ;
; Auto Gated Clock Conversion                                                ; Off                ; Off                ;
; Block Design Naming                                                        ; Auto               ; Auto               ;
; SDC constraint protection                                                  ; Off                ; Off                ;
; Synthesis Effort                                                           ; Auto               ; Auto               ;
; Shift Register Replacement - Allow Asynchronous Clear Signal               ; On                 ; On                 ;
; Pre-Mapping Resynthesis Optimization                                       ; Off                ; Off                ;
; Analysis & Synthesis Message Level                                         ; Medium             ; Medium             ;
; Disable Register Merging Across Hierarchies                                ; Auto               ; Auto               ;
; Resource Aware Inference For Block RAM                                     ; On                 ; On                 ;
; Synthesis Seed                                                             ; 1                  ; 1                  ;
+----------------------------------------------------------------------------+--------------------+--------------------+


Parallel compilation was disabled, but you have multiple processors available. Enable parallel compilation to reduce compilation time.
+-------------------------------------+
; Parallel Compilation                ;
+----------------------------+--------+
; Processors                 ; Number ;
+----------------------------+--------+
; Number detected on machine ; 8      ;
; Maximum allowed            ; 1      ;
+----------------------------+--------+


+----------------------------------------------------------------------------------------------------------------------------------------------------------------------+
; Analysis & Synthesis Source Files Read                                                                                                                               ;
+----------------------------------+-----------------+------------------------+------------------------------------------------------------------------------+---------+
; File Name with User-Entered Path ; Used in Netlist ; File Type              ; File Name with Absolute Path                                                 ; Library ;
+----------------------------------+-----------------+------------------------+------------------------------------------------------------------------------+---------+
; IP.v                             ; yes             ; User Verilog HDL File  ; D:/Ki 2 nam 3/HE_THONG_SO_HDL/THUCHANH-DAT/DoAnHDL/TripleDES/IP.v            ;         ;
; pc1.v                            ; yes             ; User Verilog HDL File  ; D:/Ki 2 nam 3/HE_THONG_SO_HDL/THUCHANH-DAT/DoAnHDL/TripleDES/pc1.v           ;         ;
; pc2.v                            ; yes             ; User Verilog HDL File  ; D:/Ki 2 nam 3/HE_THONG_SO_HDL/THUCHANH-DAT/DoAnHDL/TripleDES/pc2.v           ;         ;
; e_expand.v                       ; yes             ; User Verilog HDL File  ; D:/Ki 2 nam 3/HE_THONG_SO_HDL/THUCHANH-DAT/DoAnHDL/TripleDES/e_expand.v      ;         ;
; sfunct.v                         ; yes             ; User Verilog HDL File  ; D:/Ki 2 nam 3/HE_THONG_SO_HDL/THUCHANH-DAT/DoAnHDL/TripleDES/sfunct.v        ;         ;
; p_permutation.v                  ; yes             ; User Verilog HDL File  ; D:/Ki 2 nam 3/HE_THONG_SO_HDL/THUCHANH-DAT/DoAnHDL/TripleDES/p_permutation.v ;         ;
; f_funct.v                        ; yes             ; User Verilog HDL File  ; D:/Ki 2 nam 3/HE_THONG_SO_HDL/THUCHANH-DAT/DoAnHDL/TripleDES/f_funct.v       ;         ;
; IP_1.v                           ; yes             ; User Verilog HDL File  ; D:/Ki 2 nam 3/HE_THONG_SO_HDL/THUCHANH-DAT/DoAnHDL/TripleDES/IP_1.v          ;         ;
; des_encrypt.v                    ; yes             ; User Verilog HDL File  ; D:/Ki 2 nam 3/HE_THONG_SO_HDL/THUCHANH-DAT/DoAnHDL/TripleDES/des_encrypt.v   ;         ;
+----------------------------------+-----------------+------------------------+------------------------------------------------------------------------------+---------+


+-----------------------------------------------------+
; Analysis & Synthesis Resource Usage Summary         ;
+---------------------------------------------+-------+
; Resource                                    ; Usage ;
+---------------------------------------------+-------+
; Estimated Total logic elements              ; 911   ;
;                                             ;       ;
; Total combinational functions               ; 831   ;
; Logic element usage by number of LUT inputs ;       ;
;     -- 4 input functions                    ; 779   ;
;     -- 3 input functions                    ; 39    ;
;     -- <=2 input functions                  ; 13    ;
;                                             ;       ;
; Logic elements by mode                      ;       ;
;     -- normal mode                          ; 831   ;
;     -- arithmetic mode                      ; 0     ;
;                                             ;       ;
; Total registers                             ; 147   ;
;     -- Dedicated logic registers            ; 147   ;
;     -- I/O registers                        ; 0     ;
;                                             ;       ;
; I/O pins                                    ; 196   ;
; Embedded Multiplier 9-bit elements          ; 0     ;
; Maximum fan-out node                        ; clock ;
; Maximum fan-out                             ; 147   ;
; Total fan-out                               ; 3893  ;
; Average fan-out                             ; 3.32  ;
+---------------------------------------------+-------+


+-------------------------------------------------------------------------------------------------------------------------------------------------------------------------------------------+
; Analysis & Synthesis Resource Utilization by Entity                                                                                                                                       ;
+----------------------------+-------------------+--------------+-------------+--------------+---------+-----------+------+--------------+-----------------------------------+--------------+
; Compilation Hierarchy Node ; LC Combinationals ; LC Registers ; Memory Bits ; DSP Elements ; DSP 9x9 ; DSP 18x18 ; Pins ; Virtual Pins ; Full Hierarchy Name               ; Library Name ;
+----------------------------+-------------------+--------------+-------------+--------------+---------+-----------+------+--------------+-----------------------------------+--------------+
; |des_encrypt               ; 831 (508)         ; 147 (147)    ; 0           ; 0            ; 0       ; 0         ; 196  ; 0            ; |des_encrypt                      ; work         ;
;    |f_funct:f1|            ; 323 (168)         ; 0 (0)        ; 0           ; 0            ; 0       ; 0         ; 0    ; 0            ; |des_encrypt|f_funct:f1           ; work         ;
;       |sfunct:s1|          ; 155 (155)         ; 0 (0)        ; 0           ; 0            ; 0       ; 0         ; 0    ; 0            ; |des_encrypt|f_funct:f1|sfunct:s1 ; work         ;
+----------------------------+-------------------+--------------+-------------+--------------+---------+-----------+------+--------------+-----------------------------------+--------------+
Note: For table entries with two numbers listed, the numbers in parentheses indicate the number of resources of the given type used by the specific entity alone. The numbers listed outside of parentheses indicate the total resources of the given type used by the specific entity and all of its sub-entities in the hierarchy.


Encoding Type:  One-Hot
+-----------------------------------------------------------------------------------------------------------------------------------------------------------------------------------------------------------------------------+
; State Machine - |des_encrypt|state                                                                                                                                                                                          ;
+------------+------------+-----------+-----------+-----------+-----------+-----------+-----------+-----------+----------+----------+----------+----------+----------+----------+----------+----------+----------+------------+
; Name       ; state.DONE ; state.R16 ; state.R15 ; state.R14 ; state.R13 ; state.R12 ; state.R11 ; state.R10 ; state.R9 ; state.R8 ; state.R7 ; state.R6 ; state.R5 ; state.R4 ; state.R3 ; state.R2 ; state.R1 ; state.IDLE ;
+------------+------------+-----------+-----------+-----------+-----------+-----------+-----------+-----------+----------+----------+----------+----------+----------+----------+----------+----------+----------+------------+
; state.IDLE ; 0          ; 0         ; 0         ; 0         ; 0         ; 0         ; 0         ; 0         ; 0        ; 0        ; 0        ; 0        ; 0        ; 0        ; 0        ; 0        ; 0        ; 0          ;
; state.R1   ; 0          ; 0         ; 0         ; 0         ; 0         ; 0         ; 0         ; 0         ; 0        ; 0        ; 0        ; 0        ; 0        ; 0        ; 0        ; 0        ; 1        ; 1          ;
; state.R2   ; 0          ; 0         ; 0         ; 0         ; 0         ; 0         ; 0         ; 0         ; 0        ; 0        ; 0        ; 0        ; 0        ; 0        ; 0        ; 1        ; 0        ; 1          ;
; state.R3   ; 0          ; 0         ; 0         ; 0         ; 0         ; 0         ; 0         ; 0         ; 0        ; 0        ; 0        ; 0        ; 0        ; 0        ; 1        ; 0        ; 0        ; 1          ;
; state.R4   ; 0          ; 0         ; 0         ; 0         ; 0         ; 0         ; 0         ; 0         ; 0        ; 0        ; 0        ; 0        ; 0        ; 1        ; 0        ; 0        ; 0        ; 1          ;
; state.R5   ; 0          ; 0         ; 0         ; 0         ; 0         ; 0         ; 0         ; 0         ; 0        ; 0        ; 0        ; 0        ; 1        ; 0        ; 0        ; 0        ; 0        ; 1          ;
; state.R6   ; 0          ; 0         ; 0         ; 0         ; 0         ; 0         ; 0         ; 0         ; 0        ; 0        ; 0        ; 1        ; 0        ; 0        ; 0        ; 0        ; 0        ; 1          ;
; state.R7   ; 0          ; 0         ; 0         ; 0         ; 0         ; 0         ; 0         ; 0         ; 0        ; 0        ; 1        ; 0        ; 0        ; 0        ; 0        ; 0        ; 0        ; 1          ;
; state.R8   ; 0          ; 0         ; 0         ; 0         ; 0         ; 0         ; 0         ; 0         ; 0        ; 1        ; 0        ; 0        ; 0        ; 0        ; 0        ; 0        ; 0        ; 1          ;
; state.R9   ; 0          ; 0         ; 0         ; 0         ; 0         ; 0         ; 0         ; 0         ; 1        ; 0        ; 0        ; 0        ; 0        ; 0        ; 0        ; 0        ; 0        ; 1          ;
; state.R10  ; 0          ; 0         ; 0         ; 0         ; 0         ; 0         ; 0         ; 1         ; 0        ; 0        ; 0        ; 0        ; 0        ; 0        ; 0        ; 0        ; 0        ; 1          ;
; state.R11  ; 0          ; 0         ; 0         ; 0         ; 0         ; 0         ; 1         ; 0         ; 0        ; 0        ; 0        ; 0        ; 0        ; 0        ; 0        ; 0        ; 0        ; 1          ;
; state.R12  ; 0          ; 0         ; 0         ; 0         ; 0         ; 1         ; 0         ; 0         ; 0        ; 0        ; 0        ; 0        ; 0        ; 0        ; 0        ; 0        ; 0        ; 1          ;
; state.R13  ; 0          ; 0         ; 0         ; 0         ; 1         ; 0         ; 0         ; 0         ; 0        ; 0        ; 0        ; 0        ; 0        ; 0        ; 0        ; 0        ; 0        ; 1          ;
; state.R14  ; 0          ; 0         ; 0         ; 1         ; 0         ; 0         ; 0         ; 0         ; 0        ; 0        ; 0        ; 0        ; 0        ; 0        ; 0        ; 0        ; 0        ; 1          ;
; state.R15  ; 0          ; 0         ; 1         ; 0         ; 0         ; 0         ; 0         ; 0         ; 0        ; 0        ; 0        ; 0        ; 0        ; 0        ; 0        ; 0        ; 0        ; 1          ;
; state.R16  ; 0          ; 1         ; 0         ; 0         ; 0         ; 0         ; 0         ; 0         ; 0        ; 0        ; 0        ; 0        ; 0        ; 0        ; 0        ; 0        ; 0        ; 1          ;
; state.DONE ; 1          ; 0         ; 0         ; 0         ; 0         ; 0         ; 0         ; 0         ; 0        ; 0        ; 0        ; 0        ; 0        ; 0        ; 0        ; 0        ; 0        ; 1          ;
+------------+------------+-----------+-----------+-----------+-----------+-----------+-----------+-----------+----------+----------+----------+----------+----------+----------+----------+----------+----------+------------+


+------------------------------------------------------------+
; Registers Removed During Synthesis                         ;
+---------------------------------------+--------------------+
; Register name                         ; Reason for Removal ;
+---------------------------------------+--------------------+
; state~4                               ; Lost fanout        ;
; state~5                               ; Lost fanout        ;
; state~6                               ; Lost fanout        ;
; state~7                               ; Lost fanout        ;
; state~8                               ; Lost fanout        ;
; Total Number of Removed Registers = 5 ;                    ;
+---------------------------------------+--------------------+


+------------------------------------------------------+
; General Register Statistics                          ;
+----------------------------------------------+-------+
; Statistic                                    ; Value ;
+----------------------------------------------+-------+
; Total registers                              ; 147   ;
; Number of registers using Synchronous Clear  ; 0     ;
; Number of registers using Synchronous Load   ; 0     ;
; Number of registers using Asynchronous Clear ; 147   ;
; Number of registers using Asynchronous Load  ; 0     ;
; Number of registers using Clock Enable       ; 128   ;
; Number of registers using Preset             ; 0     ;
+----------------------------------------------+-------+


+------------------------------------------------------------------------------------------------------------------------------------------------------------+
; Multiplexer Restructuring Statistics (Restructuring Performed)                                                                                             ;
+--------------------+-----------+---------------+----------------------+------------------------+------------+----------------------------------------------+
; Multiplexer Inputs ; Bus Width ; Baseline Area ; Area if Restructured ; Saving if Restructured ; Registered ; Example Multiplexer Output                   ;
+--------------------+-----------+---------------+----------------------+------------------------+------------+----------------------------------------------+
; 4:1                ; 4 bits    ; 8 LEs         ; 8 LEs                ; 0 LEs                  ; No         ; |des_encrypt|f_funct:f1|sfunct:s1|Selector18 ;
; 4:1                ; 4 bits    ; 8 LEs         ; 8 LEs                ; 0 LEs                  ; No         ; |des_encrypt|f_funct:f1|sfunct:s1|Selector3  ;
; 3:1                ; 2 bits    ; 4 LEs         ; 4 LEs                ; 0 LEs                  ; No         ; |des_encrypt|f_funct:f1|sfunct:s1|Selector15 ;
; 3:1                ; 2 bits    ; 4 LEs         ; 4 LEs                ; 0 LEs                  ; No         ; |des_encrypt|f_funct:f1|sfunct:s1|Selector14 ;
; 4:1                ; 4 bits    ; 8 LEs         ; 8 LEs                ; 0 LEs                  ; No         ; |des_encrypt|f_funct:f1|sfunct:s1|Selector7  ;
; 4:1                ; 4 bits    ; 8 LEs         ; 8 LEs                ; 0 LEs                  ; No         ; |des_encrypt|f_funct:f1|sfunct:s1|Selector28 ;
; 4:1                ; 4 bits    ; 8 LEs         ; 8 LEs                ; 0 LEs                  ; No         ; |des_encrypt|f_funct:f1|sfunct:s1|Selector23 ;
; 4:1                ; 4 bits    ; 8 LEs         ; 8 LEs                ; 0 LEs                  ; No         ; |des_encrypt|f_funct:f1|sfunct:s1|Selector25 ;
; 4:1                ; 4 bits    ; 8 LEs         ; 8 LEs                ; 0 LEs                  ; No         ; |des_encrypt|f_funct:f1|sfunct:s1|Selector10 ;
; 17:1               ; 48 bits   ; 528 LEs       ; 480 LEs              ; 48 LEs                 ; No         ; |des_encrypt|subk_sel[6]                     ;
+--------------------+-----------+---------------+----------------------+------------------------+------------+----------------------------------------------+


+-------------------------------------------------------------------------------------------------------------------------------------+
; Port Connectivity Checks: "pc1:u_pc1"                                                                                               ;
+------+--------+----------+----------------------------------------------------------------------------------------------------------+
; Port ; Type   ; Severity ; Details                                                                                                  ;
+------+--------+----------+----------------------------------------------------------------------------------------------------------+
; k56  ; Output ; Warning  ; Declared by entity but not connected by instance. Logic that only feeds a dangling port will be removed. ;
+------+--------+----------+----------------------------------------------------------------------------------------------------------+


+-------------------------------+
; Elapsed Time Per Partition    ;
+----------------+--------------+
; Partition Name ; Elapsed Time ;
+----------------+--------------+
; Top            ; 00:00:07     ;
+----------------+--------------+


+-------------------------------+
; Analysis & Synthesis Messages ;
+-------------------------------+
Info: *******************************************************************
Info: Running Quartus II 64-Bit Analysis & Synthesis
    Info: Version 13.0.1 Build 232 06/12/2013 Service Pack 1 SJ Web Edition
    Info: Processing started: Tue May 19 09:46:55 2026
Info: Command: quartus_map --read_settings_files=on --write_settings_files=off tripleDES -c tripleDES
Warning (20028): Parallel compilation is not licensed and has been disabled
Info (12021): Found 1 design units, including 1 entities, in source file ip.v
    Info (12023): Found entity 1: IP
Info (12021): Found 1 design units, including 1 entities, in source file pc1.v
    Info (12023): Found entity 1: pc1
Info (12021): Found 1 design units, including 1 entities, in source file pc2.v
    Info (12023): Found entity 1: pc2
Info (12021): Found 1 design units, including 1 entities, in source file e_expand.v
    Info (12023): Found entity 1: e_expand
Info (12021): Found 1 design units, including 1 entities, in source file sfunct.v
    Info (12023): Found entity 1: sfunct
Info (12021): Found 1 design units, including 1 entities, in source file p_permutation.v
    Info (12023): Found entity 1: p_permutation
Info (12021): Found 1 design units, including 1 entities, in source file f_funct.v
    Info (12023): Found entity 1: f_funct
Info (12021): Found 1 design units, including 1 entities, in source file ip_1.v
    Info (12023): Found entity 1: IP_1
Info (12021): Found 1 design units, including 1 entities, in source file des_encrypt.v
    Info (12023): Found entity 1: des_encrypt
Info (12021): Found 1 design units, including 1 entities, in source file des_decrypt.v
    Info (12023): Found entity 1: des_decrypt
Info (12021): Found 1 design units, including 1 entities, in source file encrypt_tb.v
    Info (12023): Found entity 1: encrypt_tb
Info (12021): Found 1 design units, including 1 entities, in source file decrypt_tb.v
    Info (12023): Found entity 1: decrypt_tb
Info (12021): Found 1 design units, including 1 entities, in source file tdes_encrypt.v
    Info (12023): Found entity 1: tdes_encrypt
Info (12021): Found 1 design units, including 1 entities, in source file tdes_encrypt_tb.v
    Info (12023): Found entity 1: tdes_encrypt_tb
Info (12021): Found 1 design units, including 1 entities, in source file tdes_decrypt.v
    Info (12023): Found entity 1: tdes_decrypt
Info (12021): Found 1 design units, including 1 entities, in source file tdes_decrypt_tb.v
    Info (12023): Found entity 1: tdes_decrypt_tb
Info (12021): Found 1 design units, including 1 entities, in source file tripledes.v
    Info (12023): Found entity 1: tripleDES
Info (12021): Found 1 design units, including 1 entities, in source file tripledes_tb.v
    Info (12023): Found entity 1: tripleDES_tb
Info (12021): Found 1 design units, including 1 entities, in source file tripledes_pipeline.v
    Info (12023): Found entity 1: tripleDES_pipeline
Info (12021): Found 1 design units, including 1 entities, in source file tdes_encrypt_pipeline.v
    Info (12023): Found entity 1: tdes_encrypt_pipeline
Info (12021): Found 1 design units, including 1 entities, in source file tdes_decrypt_pipeline.v
    Info (12023): Found entity 1: tdes_decrypt_pipeline
Info (12127): Elaborating entity "des_encrypt" for the top level hierarchy
Info (10264): Verilog HDL Case Statement information at des_encrypt.v(155): all case item expressions in this case statement are onehot
Info (12128): Elaborating entity "IP" for hierarchy "IP:ip1"
Info (12128): Elaborating entity "pc1" for hierarchy "pc1:u_pc1"
Info (12128): Elaborating entity "pc2" for hierarchy "pc2:p2_01"
Info (12128): Elaborating entity "f_funct" for hierarchy "f_funct:f1"
Info (12128): Elaborating entity "e_expand" for hierarchy "f_funct:f1|e_expand:e1"
Info (12128): Elaborating entity "sfunct" for hierarchy "f_funct:f1|sfunct:s1"
Info (12128): Elaborating entity "p_permutation" for hierarchy "f_funct:f1|p_permutation:p1"
Info (12128): Elaborating entity "IP_1" for hierarchy "IP_1:uIP_1"
Warning (12241): 1 hierarchies have connectivity warnings - see the Connectivity Checks report folder
Info (17049): 5 registers lost all their fanouts during netlist optimizations.
Info (144001): Generated suppressed messages file D:/Ki 2 nam 3/HE_THONG_SO_HDL/THUCHANH-DAT/DoAnHDL/TripleDES/output_files/tripleDES.map.smsg
Info (16010): Generating hard_block partition "hard_block:auto_generated_inst"
    Info (16011): Adding 0 node(s), including 0 DDIO, 0 PLL, 0 transceiver and 0 LCELL
Warning (21074): Design contains 8 input pin(s) that do not drive logic
    Warning (15610): No output dependent on input pin "key[0]"
    Warning (15610): No output dependent on input pin "key[8]"
    Warning (15610): No output dependent on input pin "key[16]"
    Warning (15610): No output dependent on input pin "key[24]"
    Warning (15610): No output dependent on input pin "key[32]"
    Warning (15610): No output dependent on input pin "key[40]"
    Warning (15610): No output dependent on input pin "key[48]"
    Warning (15610): No output dependent on input pin "key[56]"
Info (21057): Implemented 1117 device resources after synthesis - the final resource count might be different
    Info (21058): Implemented 131 input pins
    Info (21059): Implemented 65 output pins
    Info (21061): Implemented 921 logic cells
Info: Quartus II 64-Bit Analysis & Synthesis was successful. 0 errors, 11 warnings
    Info: Peak virtual memory: 4611 megabytes
    Info: Processing ended: Tue May 19 09:47:04 2026
    Info: Elapsed time: 00:00:09
    Info: Total CPU time (on all processors): 00:00:07


+------------------------------------------+
; Analysis & Synthesis Suppressed Messages ;
+------------------------------------------+
The suppressed messages can be found in D:/Ki 2 nam 3/HE_THONG_SO_HDL/THUCHANH-DAT/DoAnHDL/TripleDES/output_files/tripleDES.map.smsg.


